<?xml version="1.0" encoding="UTF-8"?>
<testng-results skipped="0" failed="0" total="1" passed="1">
  <reporter-output>
  </reporter-output>
  <suite name="Gmail Suite" duration-ms="99653" started-at="2020-05-05T08:29:49Z" finished-at="2020-05-05T08:31:28Z">
    <groups>
    </groups>
    <test name="amazonProductCheckout" duration-ms="99653" started-at="2020-05-05T08:29:49Z" finished-at="2020-05-05T08:31:28Z">
      <class name="com.amazon.test.ProductCheckout">
        <test-method status="PASS" signature="setup(java.lang.String)[pri:0, instance:com.amazon.test.ProductCheckout@25bbe1b6]" name="setup" is-config="true" duration-ms="22218" started-at="2020-05-05T13:59:26Z" finished-at="2020-05-05T13:59:49Z">
          <params>
            <param index="0">
              <value>
                <![CDATA[Android]]>
              </value>
            </param>
          </params>
          <reporter-output>
          </reporter-output>
        </test-method> <!-- setup -->
        <test-method status="PASS" signature="testProductCheckout(java.lang.String)[pri:0, instance:com.amazon.test.ProductCheckout@25bbe1b6]" name="testProductCheckout" duration-ms="98181" started-at="2020-05-05T13:59:50Z" data-provider="productType" finished-at="2020-05-05T14:01:28Z">
          <params>
            <param index="0">
              <value>
                <![CDATA[65 inch TV]]>
              </value>
            </param>
          </params>
          <reporter-output>
          </reporter-output>
        </test-method> <!-- testProductCheckout -->
        <test-method status="PASS" signature="teardown()[pri:0, instance:com.amazon.test.ProductCheckout@25bbe1b6]" name="teardown" is-config="true" duration-ms="3342" started-at="2020-05-05T14:01:28Z" finished-at="2020-05-05T14:01:32Z">
          <reporter-output>
          </reporter-output>
        </test-method> <!-- teardown -->
      </class> <!-- com.amazon.test.ProductCheckout -->
    </test> <!-- amazonProductCheckout -->
  </suite> <!-- Gmail Suite -->
</testng-results>
